Determining if the Q_WS_WIN exist failed with the following output:
Change Dir: /home/ivan/robocomp/components/g1/GoToPoint/CMakeFiles/CMakeTmp

Run Build Command:/usr/bin/make "cmTryCompileExec3618343169/fast"
/usr/bin/make -f CMakeFiles/cmTryCompileExec3618343169.dir/build.make CMakeFiles/cmTryCompileExec3618343169.dir/build
make[1]: se ingresa al directorio «/home/ivan/robocomp/components/g1/GoToPoint/CMakeFiles/CMakeTmp»
/usr/bin/cmake -E cmake_progress_report /home/ivan/robocomp/components/g1/GoToPoint/CMakeFiles/CMakeTmp/CMakeFiles 1
Building CXX object CMakeFiles/cmTryCompileExec3618343169.dir/CheckSymbolExists.cxx.o
/usr/bin/c++    -I/usr/include/qt4    -o CMakeFiles/cmTryCompileExec3618343169.dir/CheckSymbolExists.cxx.o -c /home/ivan/robocomp/components/g1/GoToPoint/CMakeFiles/CMakeTmp/CheckSymbolExists.cxx
/home/ivan/robocomp/components/g1/GoToPoint/CMakeFiles/CMakeTmp/CheckSymbolExists.cxx: In function ‘int main(int, char**)’:
/home/ivan/robocomp/components/g1/GoToPoint/CMakeFiles/CMakeTmp/CheckSymbolExists.cxx:8:19: error: ‘Q_WS_WIN’ was not declared in this scope
   return ((int*)(&Q_WS_WIN))[argc];
                   ^
make[1]: *** [CMakeFiles/cmTryCompileExec3618343169.dir/CheckSymbolExists.cxx.o] Error 1
make[1]: se sale del directorio «/home/ivan/robocomp/components/g1/GoToPoint/CMakeFiles/CMakeTmp»
make: *** [cmTryCompileExec3618343169/fast] Error 2

File /home/ivan/robocomp/components/g1/GoToPoint/CMakeFiles/CMakeTmp/CheckSymbolExists.cxx:
/* */
#include <QtCore/qglobal.h>

int main(int argc, char** argv)
{
  (void)argv;
#ifndef Q_WS_WIN
  return ((int*)(&Q_WS_WIN))[argc];
#else
  (void)argc;
  return 0;
#endif
}

Determining if the Q_WS_QWS exist failed with the following output:
Change Dir: /home/ivan/robocomp/components/g1/GoToPoint/CMakeFiles/CMakeTmp

Run Build Command:/usr/bin/make "cmTryCompileExec3738667125/fast"
/usr/bin/make -f CMakeFiles/cmTryCompileExec3738667125.dir/build.make CMakeFiles/cmTryCompileExec3738667125.dir/build
make[1]: se ingresa al directorio «/home/ivan/robocomp/components/g1/GoToPoint/CMakeFiles/CMakeTmp»
/usr/bin/cmake -E cmake_progress_report /home/ivan/robocomp/components/g1/GoToPoint/CMakeFiles/CMakeTmp/CMakeFiles 1
Building CXX object CMakeFiles/cmTryCompileExec3738667125.dir/CheckSymbolExists.cxx.o
/usr/bin/c++    -I/usr/include/qt4    -o CMakeFiles/cmTryCompileExec3738667125.dir/CheckSymbolExists.cxx.o -c /home/ivan/robocomp/components/g1/GoToPoint/CMakeFiles/CMakeTmp/CheckSymbolExists.cxx
/home/ivan/robocomp/components/g1/GoToPoint/CMakeFiles/CMakeTmp/CheckSymbolExists.cxx: In function ‘int main(int, char**)’:
/home/ivan/robocomp/components/g1/GoToPoint/CMakeFiles/CMakeTmp/CheckSymbolExists.cxx:8:19: error: ‘Q_WS_QWS’ was not declared in this scope
   return ((int*)(&Q_WS_QWS))[argc];
                   ^
make[1]: *** [CMakeFiles/cmTryCompileExec3738667125.dir/CheckSymbolExists.cxx.o] Error 1
make[1]: se sale del directorio «/home/ivan/robocomp/components/g1/GoToPoint/CMakeFiles/CMakeTmp»
make: *** [cmTryCompileExec3738667125/fast] Error 2

File /home/ivan/robocomp/components/g1/GoToPoint/CMakeFiles/CMakeTmp/CheckSymbolExists.cxx:
/* */
#include <QtCore/qglobal.h>

int main(int argc, char** argv)
{
  (void)argv;
#ifndef Q_WS_QWS
  return ((int*)(&Q_WS_QWS))[argc];
#else
  (void)argc;
  return 0;
#endif
}

Determining if the Q_WS_MAC exist failed with the following output:
Change Dir: /home/ivan/robocomp/components/g1/GoToPoint/CMakeFiles/CMakeTmp

Run Build Command:/usr/bin/make "cmTryCompileExec68599317/fast"
/usr/bin/make -f CMakeFiles/cmTryCompileExec68599317.dir/build.make CMakeFiles/cmTryCompileExec68599317.dir/build
make[1]: se ingresa al directorio «/home/ivan/robocomp/components/g1/GoToPoint/CMakeFiles/CMakeTmp»
/usr/bin/cmake -E cmake_progress_report /home/ivan/robocomp/components/g1/GoToPoint/CMakeFiles/CMakeTmp/CMakeFiles 1
Building CXX object CMakeFiles/cmTryCompileExec68599317.dir/CheckSymbolExists.cxx.o
/usr/bin/c++    -I/usr/include/qt4    -o CMakeFiles/cmTryCompileExec68599317.dir/CheckSymbolExists.cxx.o -c /home/ivan/robocomp/components/g1/GoToPoint/CMakeFiles/CMakeTmp/CheckSymbolExists.cxx
/home/ivan/robocomp/components/g1/GoToPoint/CMakeFiles/CMakeTmp/CheckSymbolExists.cxx: In function ‘int main(int, char**)’:
/home/ivan/robocomp/components/g1/GoToPoint/CMakeFiles/CMakeTmp/CheckSymbolExists.cxx:8:19: error: ‘Q_WS_MAC’ was not declared in this scope
   return ((int*)(&Q_WS_MAC))[argc];
                   ^
make[1]: *** [CMakeFiles/cmTryCompileExec68599317.dir/CheckSymbolExists.cxx.o] Error 1
make[1]: se sale del directorio «/home/ivan/robocomp/components/g1/GoToPoint/CMakeFiles/CMakeTmp»
make: *** [cmTryCompileExec68599317/fast] Error 2

File /home/ivan/robocomp/components/g1/GoToPoint/CMakeFiles/CMakeTmp/CheckSymbolExists.cxx:
/* */
#include <QtCore/qglobal.h>

int main(int argc, char** argv)
{
  (void)argv;
#ifndef Q_WS_MAC
  return ((int*)(&Q_WS_MAC))[argc];
#else
  (void)argc;
  return 0;
#endif
}

Determining if the Q_WS_WIN exist failed with the following output:
Change Dir: /home/ivan/robocomp/components/g1/GoToPoint/CMakeFiles/CMakeTmp

Run Build Command:/usr/bin/make "cmTryCompileExec446041501/fast"
/usr/bin/make -f CMakeFiles/cmTryCompileExec446041501.dir/build.make CMakeFiles/cmTryCompileExec446041501.dir/build
make[1]: se ingresa al directorio «/home/ivan/robocomp/components/g1/GoToPoint/CMakeFiles/CMakeTmp»
/usr/bin/cmake -E cmake_progress_report /home/ivan/robocomp/components/g1/GoToPoint/CMakeFiles/CMakeTmp/CMakeFiles 1
Building CXX object CMakeFiles/cmTryCompileExec446041501.dir/CheckSymbolExists.cxx.o
/usr/bin/c++    -I/usr/include/qt4    -o CMakeFiles/cmTryCompileExec446041501.dir/CheckSymbolExists.cxx.o -c /home/ivan/robocomp/components/g1/GoToPoint/CMakeFiles/CMakeTmp/CheckSymbolExists.cxx
/home/ivan/robocomp/components/g1/GoToPoint/CMakeFiles/CMakeTmp/CheckSymbolExists.cxx: In function ‘int main(int, char**)’:
/home/ivan/robocomp/components/g1/GoToPoint/CMakeFiles/CMakeTmp/CheckSymbolExists.cxx:8:19: error: ‘Q_WS_WIN’ was not declared in this scope
   return ((int*)(&Q_WS_WIN))[argc];
                   ^
make[1]: *** [CMakeFiles/cmTryCompileExec446041501.dir/CheckSymbolExists.cxx.o] Error 1
make[1]: se sale del directorio «/home/ivan/robocomp/components/g1/GoToPoint/CMakeFiles/CMakeTmp»
make: *** [cmTryCompileExec446041501/fast] Error 2

File /home/ivan/robocomp/components/g1/GoToPoint/CMakeFiles/CMakeTmp/CheckSymbolExists.cxx:
/* */
#include <QtCore/qglobal.h>

int main(int argc, char** argv)
{
  (void)argv;
#ifndef Q_WS_WIN
  return ((int*)(&Q_WS_WIN))[argc];
#else
  (void)argc;
  return 0;
#endif
}

Determining if the Q_WS_QWS exist failed with the following output:
Change Dir: /home/ivan/robocomp/components/g1/GoToPoint/CMakeFiles/CMakeTmp

Run Build Command:/usr/bin/make "cmTryCompileExec2882381154/fast"
/usr/bin/make -f CMakeFiles/cmTryCompileExec2882381154.dir/build.make CMakeFiles/cmTryCompileExec2882381154.dir/build
make[1]: se ingresa al directorio «/home/ivan/robocomp/components/g1/GoToPoint/CMakeFiles/CMakeTmp»
/usr/bin/cmake -E cmake_progress_report /home/ivan/robocomp/components/g1/GoToPoint/CMakeFiles/CMakeTmp/CMakeFiles 1
Building CXX object CMakeFiles/cmTryCompileExec2882381154.dir/CheckSymbolExists.cxx.o
/usr/bin/c++    -I/usr/include/qt4    -o CMakeFiles/cmTryCompileExec2882381154.dir/CheckSymbolExists.cxx.o -c /home/ivan/robocomp/components/g1/GoToPoint/CMakeFiles/CMakeTmp/CheckSymbolExists.cxx
/home/ivan/robocomp/components/g1/GoToPoint/CMakeFiles/CMakeTmp/CheckSymbolExists.cxx: In function ‘int main(int, char**)’:
/home/ivan/robocomp/components/g1/GoToPoint/CMakeFiles/CMakeTmp/CheckSymbolExists.cxx:8:19: error: ‘Q_WS_QWS’ was not declared in this scope
   return ((int*)(&Q_WS_QWS))[argc];
                   ^
make[1]: se sale del directorio «/home/ivan/robocomp/components/g1/GoToPoint/CMakeFiles/CMakeTmp»
make[1]: *** [CMakeFiles/cmTryCompileExec2882381154.dir/CheckSymbolExists.cxx.o] Error 1
make: *** [cmTryCompileExec2882381154/fast] Error 2

File /home/ivan/robocomp/components/g1/GoToPoint/CMakeFiles/CMakeTmp/CheckSymbolExists.cxx:
/* */
#include <QtCore/qglobal.h>

int main(int argc, char** argv)
{
  (void)argv;
#ifndef Q_WS_QWS
  return ((int*)(&Q_WS_QWS))[argc];
#else
  (void)argc;
  return 0;
#endif
}

Determining if the Q_WS_MAC exist failed with the following output:
Change Dir: /home/ivan/robocomp/components/g1/GoToPoint/CMakeFiles/CMakeTmp

Run Build Command:/usr/bin/make "cmTryCompileExec2099897326/fast"
/usr/bin/make -f CMakeFiles/cmTryCompileExec2099897326.dir/build.make CMakeFiles/cmTryCompileExec2099897326.dir/build
make[1]: se ingresa al directorio «/home/ivan/robocomp/components/g1/GoToPoint/CMakeFiles/CMakeTmp»
/usr/bin/cmake -E cmake_progress_report /home/ivan/robocomp/components/g1/GoToPoint/CMakeFiles/CMakeTmp/CMakeFiles 1
Building CXX object CMakeFiles/cmTryCompileExec2099897326.dir/CheckSymbolExists.cxx.o
/usr/bin/c++    -I/usr/include/qt4    -o CMakeFiles/cmTryCompileExec2099897326.dir/CheckSymbolExists.cxx.o -c /home/ivan/robocomp/components/g1/GoToPoint/CMakeFiles/CMakeTmp/CheckSymbolExists.cxx
/home/ivan/robocomp/components/g1/GoToPoint/CMakeFiles/CMakeTmp/CheckSymbolExists.cxx: In function ‘int main(int, char**)’:
/home/ivan/robocomp/components/g1/GoToPoint/CMakeFiles/CMakeTmp/CheckSymbolExists.cxx:8:19: error: ‘Q_WS_MAC’ was not declared in this scope
   return ((int*)(&Q_WS_MAC))[argc];
                   ^
make[1]: *** [CMakeFiles/cmTryCompileExec2099897326.dir/CheckSymbolExists.cxx.o] Error 1
make[1]: se sale del directorio «/home/ivan/robocomp/components/g1/GoToPoint/CMakeFiles/CMakeTmp»
make: *** [cmTryCompileExec2099897326/fast] Error 2

File /home/ivan/robocomp/components/g1/GoToPoint/CMakeFiles/CMakeTmp/CheckSymbolExists.cxx:
/* */
#include <QtCore/qglobal.h>

int main(int argc, char** argv)
{
  (void)argv;
#ifndef Q_WS_MAC
  return ((int*)(&Q_WS_MAC))[argc];
#else
  (void)argc;
  return 0;
#endif
}

